<?xml version="1.0" encoding="UTF-8"?>
<!-- Generated by org.testng.reporters.JUnitReportReporter -->
<testsuite hostname="WIN-BS84AENBSGC" failures="0" tests="2" name="liveProject.Activity5" time="1.774" errors="0" timestamp="2022-03-31T15:06:23 IST" skipped="0">
  <testcase classname="liveProject.Activity5" name="validateToolBarColorTest" time="0.042"/>
  <system-out/>
  <testcase classname="liveProject.Activity5" name="validateHomePageTest" time="1.732"/>
  <system-out/>
</testsuite> <!-- liveProject.Activity5 -->
