<?xml version="1.0" encoding="UTF-8"?>
<!-- Generated by org.testng.reporters.JUnitReportReporter -->
<testsuite hostname="WIN-BS84AENBSGC" failures="0" tests="1" name="liveProject.Activity4" time="1.904" errors="0" timestamp="2022-03-31T15:06:23 IST" skipped="0">
  <testcase classname="liveProject.Activity4" name="validateHomePageTest" time="1.904"/>
  <system-out/>
</testsuite> <!-- liveProject.Activity4 -->
