<?xml version="1.0" encoding="UTF-8"?>
<!-- Generated by org.testng.reporters.JUnitReportReporter -->
<testsuite hostname="WIN-BS84AENBSGC" failures="0" tests="2" name="liveProject.Activity6" time="1.909" errors="0" timestamp="2022-03-31T15:06:23 IST" skipped="0">
  <testcase classname="liveProject.Activity6" name="clickActivitiesLinkTest" time="0.066"/>
  <system-out/>
  <testcase classname="liveProject.Activity6" name="validateHomePageTest" time="1.843"/>
  <system-out/>
</testsuite> <!-- liveProject.Activity6 -->
