<?xml version="1.0" encoding="UTF-8"?>
<!-- Generated by org.testng.reporters.JUnitReportReporter -->
<testsuite hostname="WIN-BS84AENBSGC" failures="0" tests="2" name="liveProject.Activity8" time="4.735" errors="0" timestamp="2022-03-31T15:06:23 IST" skipped="0">
  <testcase classname="liveProject.Activity8" name="validateHomePageTest" time="2.065"/>
  <system-out/>
  <testcase classname="liveProject.Activity8" name="printFirstFiveNamesTest" time="2.670"/>
  <system-out/>
</testsuite> <!-- liveProject.Activity8 -->
