<?xml version="1.0" encoding="UTF-8"?>
<!-- Generated by org.testng.reporters.JUnitReportReporter -->
<testsuite hostname="WIN-BS84AENBSGC" failures="0" tests="2" name="liveProject.Activity9" time="6.161" errors="0" timestamp="2022-04-04T18:06:14 IST" skipped="0">
  <testcase classname="liveProject.Activity9" name="printTableNamesAndUserTest" time="3.663"/>
  <system-out/>
  <testcase classname="liveProject.Activity9" name="validateHomePageTest" time="2.498"/>
  <system-out/>
</testsuite> <!-- liveProject.Activity9 -->
