<?xml version="1.0" encoding="UTF-8"?>
<!-- Generated by org.testng.reporters.JUnitReportReporter -->
<testsuite hostname="WIN-BS84AENBSGC" failures="0" tests="1" name="liveProject.Activity1" time="0.011" errors="0" timestamp="2022-03-31T15:06:23 IST" skipped="0">
  <testcase classname="liveProject.Activity1" name="validateTitleTest" time="0.011"/>
  <system-out/>
</testsuite> <!-- liveProject.Activity1 -->
