<?xml version="1.0" encoding="UTF-8"?>
<!-- Generated by org.testng.reporters.JUnitReportReporter -->
<testsuite hostname="WIN-BS84AENBSGC" failures="0" tests="2" name="liveProject.Activity7" time="4.772" errors="0" timestamp="2022-03-31T15:06:23 IST" skipped="0">
  <testcase classname="liveProject.Activity7" name="validateHomePageTest" time="1.747"/>
  <system-out/>
  <testcase classname="liveProject.Activity7" name="getPhoneNumberTest" time="3.025"/>
  <system-out/>
</testsuite> <!-- liveProject.Activity7 -->
